[2025-12-01T06:05:05.642+0000] {local_task_job_runner.py:123} INFO - ::group::Pre task execution logs
[2025-12-01T06:05:05.662+0000] {taskinstance.py:2612} INFO - Dependencies all met for dep_context=non-requeueable deps ti=<TaskInstance: ETL_DWH_Daily.install_dependencies_pymsqql scheduled__2025-12-01T06:00:00+00:00 [queued]>
[2025-12-01T06:05:05.672+0000] {taskinstance.py:2612} INFO - Dependencies all met for dep_context=requeueable deps ti=<TaskInstance: ETL_DWH_Daily.install_dependencies_pymsqql scheduled__2025-12-01T06:00:00+00:00 [queued]>
[2025-12-01T06:05:05.673+0000] {taskinstance.py:2865} INFO - Starting attempt 1 of 2
[2025-12-01T06:05:05.687+0000] {taskinstance.py:2888} INFO - Executing <Task(BashOperator): install_dependencies_pymsqql> on 2025-12-01 06:00:00+00:00
[2025-12-01T06:05:05.697+0000] {logging_mixin.py:190} WARNING - /home/***/.local/lib/python3.12/site-packages/***/task/task_runner/standard_task_runner.py:70 DeprecationWarning: This process (pid=9635) is multi-threaded, use of fork() may lead to deadlocks in the child.
[2025-12-01T06:05:05.699+0000] {standard_task_runner.py:72} INFO - Started process 9636 to run task
[2025-12-01T06:05:05.697+0000] {standard_task_runner.py:104} INFO - Running: ['***', 'tasks', 'run', 'ETL_DWH_Daily', 'install_dependencies_pymsqql', 'scheduled__2025-12-01T06:00:00+00:00', '--job-id', '921', '--raw', '--subdir', 'DAGS_FOLDER/etl_insert_DWH_Daily_dag.py', '--cfg-path', '/tmp/tmp_q123a9v']
[2025-12-01T06:05:05.700+0000] {standard_task_runner.py:105} INFO - Job 921: Subtask install_dependencies_pymsqql
[2025-12-01T06:05:05.756+0000] {task_command.py:467} INFO - Running <TaskInstance: ETL_DWH_Daily.install_dependencies_pymsqql scheduled__2025-12-01T06:00:00+00:00 [running]> on host bdb661d75ef8
[2025-12-01T06:05:05.874+0000] {taskinstance.py:3131} INFO - Exporting env vars: AIRFLOW_CTX_DAG_OWNER='yohan' AIRFLOW_CTX_DAG_ID='ETL_DWH_Daily' AIRFLOW_CTX_TASK_ID='install_dependencies_pymsqql' AIRFLOW_CTX_EXECUTION_DATE='2025-12-01T06:00:00+00:00' AIRFLOW_CTX_TRY_NUMBER='1' AIRFLOW_CTX_DAG_RUN_ID='scheduled__2025-12-01T06:00:00+00:00'
[2025-12-01T06:05:05.875+0000] {taskinstance.py:731} INFO - ::endgroup::
[2025-12-01T06:05:05.898+0000] {subprocess.py:63} INFO - Tmp dir root location: /tmp
[2025-12-01T06:05:05.900+0000] {subprocess.py:75} INFO - Running command: ['/usr/bin/bash', '-c', 'pip install pymssql']
[2025-12-01T06:05:05.919+0000] {subprocess.py:86} INFO - Output:
[2025-12-01T06:05:07.439+0000] {subprocess.py:93} INFO - Requirement already satisfied: pymssql in /home/***/.local/lib/python3.12/site-packages (2.3.9)
[2025-12-01T06:05:08.087+0000] {subprocess.py:93} INFO - 
[2025-12-01T06:05:08.089+0000] {subprocess.py:93} INFO - [notice] A new release of pip is available: 24.2 -> 25.3
[2025-12-01T06:05:08.090+0000] {subprocess.py:93} INFO - [notice] To update, run: pip install --upgrade pip
[2025-12-01T06:05:08.252+0000] {subprocess.py:97} INFO - Command exited with return code 0
[2025-12-01T06:05:08.303+0000] {taskinstance.py:340} INFO - ::group::Post task execution logs
[2025-12-01T06:05:08.304+0000] {taskinstance.py:352} INFO - Marking task as SUCCESS. dag_id=ETL_DWH_Daily, task_id=install_dependencies_pymsqql, run_id=scheduled__2025-12-01T06:00:00+00:00, execution_date=20251201T060000, start_date=20251201T060505, end_date=20251201T060508
[2025-12-01T06:05:08.344+0000] {local_task_job_runner.py:266} INFO - Task exited with return code 0
[2025-12-01T06:05:08.387+0000] {taskinstance.py:3900} INFO - 1 downstream tasks scheduled from follow-on schedule check
[2025-12-01T06:05:08.391+0000] {local_task_job_runner.py:245} INFO - ::endgroup::
