[2025-12-01T03:49:20.824+0000] {local_task_job_runner.py:123} INFO - ::group::Pre task execution logs
[2025-12-01T03:49:20.851+0000] {taskinstance.py:2612} INFO - Dependencies all met for dep_context=non-requeueable deps ti=<TaskInstance: ETL_DWH_Daily.install_dependencies_tqdm manual__2025-12-01T03:49:17.964534+00:00 [queued]>
[2025-12-01T03:49:20.869+0000] {taskinstance.py:2612} INFO - Dependencies all met for dep_context=requeueable deps ti=<TaskInstance: ETL_DWH_Daily.install_dependencies_tqdm manual__2025-12-01T03:49:17.964534+00:00 [queued]>
[2025-12-01T03:49:20.870+0000] {taskinstance.py:2865} INFO - Starting attempt 1 of 2
[2025-12-01T03:49:20.899+0000] {taskinstance.py:2888} INFO - Executing <Task(BashOperator): install_dependencies_tqdm> on 2025-12-01 03:49:17.964534+00:00
[2025-12-01T03:49:20.923+0000] {standard_task_runner.py:104} INFO - Running: ['***', 'tasks', 'run', 'ETL_DWH_Daily', 'install_dependencies_tqdm', 'manual__2025-12-01T03:49:17.964534+00:00', '--job-id', '719', '--raw', '--subdir', 'DAGS_FOLDER/etl_insert_DWH_Daily_dag.py', '--cfg-path', '/tmp/tmpyrmf80wg']
[2025-12-01T03:49:20.925+0000] {logging_mixin.py:190} WARNING - /home/***/.local/lib/python3.12/site-packages/***/task/task_runner/standard_task_runner.py:70 DeprecationWarning: This process (pid=2444) is multi-threaded, use of fork() may lead to deadlocks in the child.
[2025-12-01T03:49:20.928+0000] {standard_task_runner.py:105} INFO - Job 719: Subtask install_dependencies_tqdm
[2025-12-01T03:49:20.928+0000] {standard_task_runner.py:72} INFO - Started process 2445 to run task
[2025-12-01T03:49:21.017+0000] {task_command.py:467} INFO - Running <TaskInstance: ETL_DWH_Daily.install_dependencies_tqdm manual__2025-12-01T03:49:17.964534+00:00 [running]> on host bdb661d75ef8
[2025-12-01T03:49:21.128+0000] {taskinstance.py:3131} INFO - Exporting env vars: AIRFLOW_CTX_DAG_OWNER='yohan' AIRFLOW_CTX_DAG_ID='ETL_DWH_Daily' AIRFLOW_CTX_TASK_ID='install_dependencies_tqdm' AIRFLOW_CTX_EXECUTION_DATE='2025-12-01T03:49:17.964534+00:00' AIRFLOW_CTX_TRY_NUMBER='1' AIRFLOW_CTX_DAG_RUN_ID='manual__2025-12-01T03:49:17.964534+00:00'
[2025-12-01T03:49:21.129+0000] {taskinstance.py:731} INFO - ::endgroup::
[2025-12-01T03:49:21.148+0000] {subprocess.py:63} INFO - Tmp dir root location: /tmp
[2025-12-01T03:49:21.150+0000] {subprocess.py:75} INFO - Running command: ['/usr/bin/bash', '-c', 'pip install tqdm']
[2025-12-01T03:49:21.166+0000] {subprocess.py:86} INFO - Output:
[2025-12-01T03:49:22.680+0000] {subprocess.py:93} INFO - Requirement already satisfied: tqdm in /home/***/.local/lib/python3.12/site-packages (4.67.1)
[2025-12-01T03:49:23.267+0000] {subprocess.py:93} INFO - 
[2025-12-01T03:49:23.268+0000] {subprocess.py:93} INFO - [notice] A new release of pip is available: 24.2 -> 25.3
[2025-12-01T03:49:23.269+0000] {subprocess.py:93} INFO - [notice] To update, run: pip install --upgrade pip
[2025-12-01T03:49:23.360+0000] {subprocess.py:97} INFO - Command exited with return code 0
[2025-12-01T03:49:23.400+0000] {taskinstance.py:340} INFO - ::group::Post task execution logs
[2025-12-01T03:49:23.401+0000] {taskinstance.py:352} INFO - Marking task as SUCCESS. dag_id=ETL_DWH_Daily, task_id=install_dependencies_tqdm, run_id=manual__2025-12-01T03:49:17.964534+00:00, execution_date=20251201T034917, start_date=20251201T034920, end_date=20251201T034923
[2025-12-01T03:49:23.442+0000] {local_task_job_runner.py:266} INFO - Task exited with return code 0
[2025-12-01T03:49:23.473+0000] {taskinstance.py:3900} INFO - 1 downstream tasks scheduled from follow-on schedule check
[2025-12-01T03:49:23.476+0000] {local_task_job_runner.py:245} INFO - ::endgroup::
