[2025-12-01T06:06:47.801+0000] {local_task_job_runner.py:123} INFO - ::group::Pre task execution logs
[2025-12-01T06:06:47.829+0000] {taskinstance.py:2612} INFO - Dependencies all met for dep_context=non-requeueable deps ti=<TaskInstance: ETL_DWH_Daily.install_dependencies_tqdm scheduled__2025-12-01T05:50:00+00:00 [queued]>
[2025-12-01T06:06:47.844+0000] {taskinstance.py:2612} INFO - Dependencies all met for dep_context=requeueable deps ti=<TaskInstance: ETL_DWH_Daily.install_dependencies_tqdm scheduled__2025-12-01T05:50:00+00:00 [queued]>
[2025-12-01T06:06:47.844+0000] {taskinstance.py:2865} INFO - Starting attempt 2 of 2
[2025-12-01T06:06:47.863+0000] {taskinstance.py:2888} INFO - Executing <Task(BashOperator): install_dependencies_tqdm> on 2025-12-01 05:50:00+00:00
[2025-12-01T06:06:47.884+0000] {logging_mixin.py:190} WARNING - /home/***/.local/lib/python3.12/site-packages/***/task/task_runner/standard_task_runner.py:70 DeprecationWarning: This process (pid=9785) is multi-threaded, use of fork() may lead to deadlocks in the child.
[2025-12-01T06:06:47.887+0000] {standard_task_runner.py:72} INFO - Started process 9786 to run task
[2025-12-01T06:06:47.883+0000] {standard_task_runner.py:104} INFO - Running: ['***', 'tasks', 'run', 'ETL_DWH_Daily', 'install_dependencies_tqdm', 'scheduled__2025-12-01T05:50:00+00:00', '--job-id', '928', '--raw', '--subdir', 'DAGS_FOLDER/etl_insert_DWH_Daily_dag.py', '--cfg-path', '/tmp/tmpe97_lbgz']
[2025-12-01T06:06:47.890+0000] {standard_task_runner.py:105} INFO - Job 928: Subtask install_dependencies_tqdm
[2025-12-01T06:06:47.991+0000] {task_command.py:467} INFO - Running <TaskInstance: ETL_DWH_Daily.install_dependencies_tqdm scheduled__2025-12-01T05:50:00+00:00 [running]> on host bdb661d75ef8
[2025-12-01T06:06:48.124+0000] {taskinstance.py:3131} INFO - Exporting env vars: AIRFLOW_CTX_DAG_OWNER='yohan' AIRFLOW_CTX_DAG_ID='ETL_DWH_Daily' AIRFLOW_CTX_TASK_ID='install_dependencies_tqdm' AIRFLOW_CTX_EXECUTION_DATE='2025-12-01T05:50:00+00:00' AIRFLOW_CTX_TRY_NUMBER='2' AIRFLOW_CTX_DAG_RUN_ID='scheduled__2025-12-01T05:50:00+00:00'
[2025-12-01T06:06:48.125+0000] {taskinstance.py:731} INFO - ::endgroup::
[2025-12-01T06:06:48.145+0000] {subprocess.py:63} INFO - Tmp dir root location: /tmp
[2025-12-01T06:06:48.147+0000] {subprocess.py:75} INFO - Running command: ['/usr/bin/bash', '-c', 'pip install tqdm']
[2025-12-01T06:06:48.166+0000] {subprocess.py:86} INFO - Output:
[2025-12-01T06:06:49.419+0000] {subprocess.py:93} INFO - Requirement already satisfied: tqdm in /home/***/.local/lib/python3.12/site-packages (4.67.1)
[2025-12-01T06:06:49.997+0000] {subprocess.py:93} INFO - 
[2025-12-01T06:06:49.998+0000] {subprocess.py:93} INFO - [notice] A new release of pip is available: 24.2 -> 25.3
[2025-12-01T06:06:49.998+0000] {subprocess.py:93} INFO - [notice] To update, run: pip install --upgrade pip
[2025-12-01T06:06:50.152+0000] {subprocess.py:97} INFO - Command exited with return code 0
[2025-12-01T06:06:50.190+0000] {taskinstance.py:340} INFO - ::group::Post task execution logs
[2025-12-01T06:06:50.191+0000] {taskinstance.py:352} INFO - Marking task as SUCCESS. dag_id=ETL_DWH_Daily, task_id=install_dependencies_tqdm, run_id=scheduled__2025-12-01T05:50:00+00:00, execution_date=20251201T055000, start_date=20251201T060647, end_date=20251201T060650
[2025-12-01T06:06:50.245+0000] {local_task_job_runner.py:266} INFO - Task exited with return code 0
[2025-12-01T06:06:50.267+0000] {taskinstance.py:3900} INFO - 0 downstream tasks scheduled from follow-on schedule check
[2025-12-01T06:06:50.270+0000] {local_task_job_runner.py:245} INFO - ::endgroup::
