[2025-12-01T06:05:01.775+0000] {local_task_job_runner.py:123} INFO - ::group::Pre task execution logs
[2025-12-01T06:05:01.796+0000] {taskinstance.py:2612} INFO - Dependencies all met for dep_context=non-requeueable deps ti=<TaskInstance: ETL_DWH_Daily.install_dependencies_tqdm scheduled__2025-12-01T06:00:00+00:00 [queued]>
[2025-12-01T06:05:01.806+0000] {taskinstance.py:2612} INFO - Dependencies all met for dep_context=requeueable deps ti=<TaskInstance: ETL_DWH_Daily.install_dependencies_tqdm scheduled__2025-12-01T06:00:00+00:00 [queued]>
[2025-12-01T06:05:01.807+0000] {taskinstance.py:2865} INFO - Starting attempt 1 of 2
[2025-12-01T06:05:01.822+0000] {taskinstance.py:2888} INFO - Executing <Task(BashOperator): install_dependencies_tqdm> on 2025-12-01 06:00:00+00:00
[2025-12-01T06:05:01.834+0000] {logging_mixin.py:190} WARNING - /home/***/.local/lib/python3.12/site-packages/***/task/task_runner/standard_task_runner.py:70 DeprecationWarning: This process (pid=9615) is multi-threaded, use of fork() may lead to deadlocks in the child.
[2025-12-01T06:05:01.836+0000] {standard_task_runner.py:72} INFO - Started process 9616 to run task
[2025-12-01T06:05:01.834+0000] {standard_task_runner.py:104} INFO - Running: ['***', 'tasks', 'run', 'ETL_DWH_Daily', 'install_dependencies_tqdm', 'scheduled__2025-12-01T06:00:00+00:00', '--job-id', '920', '--raw', '--subdir', 'DAGS_FOLDER/etl_insert_DWH_Daily_dag.py', '--cfg-path', '/tmp/tmpnodaatzl']
[2025-12-01T06:05:01.837+0000] {standard_task_runner.py:105} INFO - Job 920: Subtask install_dependencies_tqdm
[2025-12-01T06:05:01.902+0000] {task_command.py:467} INFO - Running <TaskInstance: ETL_DWH_Daily.install_dependencies_tqdm scheduled__2025-12-01T06:00:00+00:00 [running]> on host bdb661d75ef8
[2025-12-01T06:05:02.015+0000] {taskinstance.py:3131} INFO - Exporting env vars: AIRFLOW_CTX_DAG_OWNER='yohan' AIRFLOW_CTX_DAG_ID='ETL_DWH_Daily' AIRFLOW_CTX_TASK_ID='install_dependencies_tqdm' AIRFLOW_CTX_EXECUTION_DATE='2025-12-01T06:00:00+00:00' AIRFLOW_CTX_TRY_NUMBER='1' AIRFLOW_CTX_DAG_RUN_ID='scheduled__2025-12-01T06:00:00+00:00'
[2025-12-01T06:05:02.016+0000] {taskinstance.py:731} INFO - ::endgroup::
[2025-12-01T06:05:02.034+0000] {subprocess.py:63} INFO - Tmp dir root location: /tmp
[2025-12-01T06:05:02.036+0000] {subprocess.py:75} INFO - Running command: ['/usr/bin/bash', '-c', 'pip install tqdm']
[2025-12-01T06:05:02.053+0000] {subprocess.py:86} INFO - Output:
[2025-12-01T06:05:03.702+0000] {subprocess.py:93} INFO - Requirement already satisfied: tqdm in /home/***/.local/lib/python3.12/site-packages (4.67.1)
[2025-12-01T06:05:04.459+0000] {subprocess.py:93} INFO - 
[2025-12-01T06:05:04.461+0000] {subprocess.py:93} INFO - [notice] A new release of pip is available: 24.2 -> 25.3
[2025-12-01T06:05:04.461+0000] {subprocess.py:93} INFO - [notice] To update, run: pip install --upgrade pip
[2025-12-01T06:05:04.603+0000] {subprocess.py:97} INFO - Command exited with return code 0
[2025-12-01T06:05:04.652+0000] {taskinstance.py:340} INFO - ::group::Post task execution logs
[2025-12-01T06:05:04.653+0000] {taskinstance.py:352} INFO - Marking task as SUCCESS. dag_id=ETL_DWH_Daily, task_id=install_dependencies_tqdm, run_id=scheduled__2025-12-01T06:00:00+00:00, execution_date=20251201T060000, start_date=20251201T060501, end_date=20251201T060504
[2025-12-01T06:05:04.707+0000] {local_task_job_runner.py:266} INFO - Task exited with return code 0
[2025-12-01T06:05:04.750+0000] {taskinstance.py:3900} INFO - 1 downstream tasks scheduled from follow-on schedule check
[2025-12-01T06:05:04.753+0000] {local_task_job_runner.py:245} INFO - ::endgroup::
