[2025-12-01T05:55:53.081+0000] {local_task_job_runner.py:123} INFO - ::group::Pre task execution logs
[2025-12-01T05:55:53.131+0000] {taskinstance.py:2612} INFO - Dependencies all met for dep_context=non-requeueable deps ti=<TaskInstance: ETL_DWH_Daily.install_dependencies_tqdm scheduled__2025-12-01T05:50:00+00:00 [queued]>
[2025-12-01T05:55:53.170+0000] {taskinstance.py:2612} INFO - Dependencies all met for dep_context=requeueable deps ti=<TaskInstance: ETL_DWH_Daily.install_dependencies_tqdm scheduled__2025-12-01T05:50:00+00:00 [queued]>
[2025-12-01T05:55:53.176+0000] {taskinstance.py:2865} INFO - Starting attempt 1 of 2
[2025-12-01T05:55:53.266+0000] {taskinstance.py:2888} INFO - Executing <Task(BashOperator): install_dependencies_tqdm> on 2025-12-01 05:50:00+00:00
[2025-12-01T05:55:53.343+0000] {logging_mixin.py:190} WARNING - /home/***/.local/lib/python3.12/site-packages/***/task/task_runner/standard_task_runner.py:70 DeprecationWarning: This process (pid=9207) is multi-threaded, use of fork() may lead to deadlocks in the child.
[2025-12-01T05:55:53.349+0000] {standard_task_runner.py:72} INFO - Started process 9208 to run task
[2025-12-01T05:55:53.344+0000] {standard_task_runner.py:104} INFO - Running: ['***', 'tasks', 'run', 'ETL_DWH_Daily', 'install_dependencies_tqdm', 'scheduled__2025-12-01T05:50:00+00:00', '--job-id', '904', '--raw', '--subdir', 'DAGS_FOLDER/etl_insert_DWH_Daily_dag.py', '--cfg-path', '/tmp/tmp8somozx7']
[2025-12-01T05:55:53.359+0000] {standard_task_runner.py:105} INFO - Job 904: Subtask install_dependencies_tqdm
[2025-12-01T05:55:53.603+0000] {task_command.py:467} INFO - Running <TaskInstance: ETL_DWH_Daily.install_dependencies_tqdm scheduled__2025-12-01T05:50:00+00:00 [running]> on host bdb661d75ef8
[2025-12-01T05:55:53.974+0000] {taskinstance.py:3131} INFO - Exporting env vars: AIRFLOW_CTX_DAG_OWNER='yohan' AIRFLOW_CTX_DAG_ID='ETL_DWH_Daily' AIRFLOW_CTX_TASK_ID='install_dependencies_tqdm' AIRFLOW_CTX_EXECUTION_DATE='2025-12-01T05:50:00+00:00' AIRFLOW_CTX_TRY_NUMBER='1' AIRFLOW_CTX_DAG_RUN_ID='scheduled__2025-12-01T05:50:00+00:00'
[2025-12-01T05:55:53.978+0000] {taskinstance.py:731} INFO - ::endgroup::
[2025-12-01T05:55:54.048+0000] {subprocess.py:63} INFO - Tmp dir root location: /tmp
[2025-12-01T05:55:54.058+0000] {subprocess.py:75} INFO - Running command: ['/usr/bin/bash', '-c', 'pip install tqdm']
[2025-12-01T05:55:54.118+0000] {subprocess.py:86} INFO - Output:
[2025-12-01T06:01:19.066+0000] {subprocess.py:93} INFO - Requirement already satisfied: tqdm in /home/***/.local/lib/python3.12/site-packages (4.67.1)
[2025-12-01T06:01:19.577+0000] {job.py:229} INFO - Heartbeat recovered after 326.71 seconds
[2025-12-01T06:01:20.576+0000] {subprocess.py:93} INFO - 
[2025-12-01T06:01:20.577+0000] {subprocess.py:93} INFO - [notice] A new release of pip is available: 24.2 -> 25.3
[2025-12-01T06:01:20.578+0000] {subprocess.py:93} INFO - [notice] To update, run: pip install --upgrade pip
[2025-12-01T06:01:20.875+0000] {subprocess.py:97} INFO - Command exited with return code 0
[2025-12-01T06:01:20.954+0000] {taskinstance.py:340} INFO - ::group::Post task execution logs
[2025-12-01T06:01:20.956+0000] {taskinstance.py:352} INFO - Marking task as SUCCESS. dag_id=ETL_DWH_Daily, task_id=install_dependencies_tqdm, run_id=scheduled__2025-12-01T05:50:00+00:00, execution_date=20251201T055000, start_date=20251201T055553, end_date=20251201T060120
[2025-12-01T06:01:21.070+0000] {local_task_job_runner.py:266} INFO - Task exited with return code 0
[2025-12-01T06:01:21.146+0000] {taskinstance.py:3900} INFO - 1 downstream tasks scheduled from follow-on schedule check
[2025-12-01T06:01:21.150+0000] {local_task_job_runner.py:245} INFO - ::endgroup::
