[2025-11-30T11:38:29.658+0000] {processor.py:186} INFO - Started process (PID=194) to work on /opt/airflow/dags/etl_dwh_daily.py
[2025-11-30T11:38:29.662+0000] {processor.py:914} INFO - Processing file /opt/airflow/dags/etl_dwh_daily.py for tasks to queue
[2025-11-30T11:38:29.675+0000] {logging_mixin.py:190} INFO - [2025-11-30T11:38:29.673+0000] {dagbag.py:588} INFO - Filling up the DagBag from /opt/airflow/dags/etl_dwh_daily.py
[2025-11-30T11:38:29.754+0000] {processor.py:925} INFO - DAG(s) 'etl_dwh_daily' retrieved from /opt/airflow/dags/etl_dwh_daily.py
[2025-11-30T11:38:30.028+0000] {logging_mixin.py:190} INFO - [2025-11-30T11:38:30.027+0000] {dag.py:3239} INFO - Sync 1 DAGs
[2025-11-30T11:38:30.070+0000] {logging_mixin.py:190} INFO - [2025-11-30T11:38:30.070+0000] {dag.py:4180} INFO - Setting next_dagrun for etl_dwh_daily to 2025-11-30 02:00:00+00:00, run_after=2025-12-01 02:00:00+00:00
[2025-11-30T11:38:30.113+0000] {processor.py:208} INFO - Processing /opt/airflow/dags/etl_dwh_daily.py took 0.485 seconds
[2025-11-30T11:39:00.467+0000] {processor.py:186} INFO - Started process (PID=216) to work on /opt/airflow/dags/etl_dwh_daily.py
[2025-11-30T11:39:00.468+0000] {processor.py:914} INFO - Processing file /opt/airflow/dags/etl_dwh_daily.py for tasks to queue
[2025-11-30T11:39:00.471+0000] {logging_mixin.py:190} INFO - [2025-11-30T11:39:00.471+0000] {dagbag.py:588} INFO - Filling up the DagBag from /opt/airflow/dags/etl_dwh_daily.py
[2025-11-30T11:39:00.505+0000] {processor.py:925} INFO - DAG(s) 'etl_dwh_daily' retrieved from /opt/airflow/dags/etl_dwh_daily.py
[2025-11-30T11:39:00.544+0000] {logging_mixin.py:190} INFO - [2025-11-30T11:39:00.543+0000] {dag.py:3239} INFO - Sync 1 DAGs
[2025-11-30T11:39:00.579+0000] {logging_mixin.py:190} INFO - [2025-11-30T11:39:00.578+0000] {dag.py:4180} INFO - Setting next_dagrun for etl_dwh_daily to 2025-11-30 02:00:00+00:00, run_after=2025-12-01 02:00:00+00:00
[2025-11-30T11:39:00.604+0000] {processor.py:208} INFO - Processing /opt/airflow/dags/etl_dwh_daily.py took 0.145 seconds
[2025-11-30T11:39:30.946+0000] {processor.py:186} INFO - Started process (PID=237) to work on /opt/airflow/dags/etl_dwh_daily.py
[2025-11-30T11:39:30.948+0000] {processor.py:914} INFO - Processing file /opt/airflow/dags/etl_dwh_daily.py for tasks to queue
[2025-11-30T11:39:30.954+0000] {logging_mixin.py:190} INFO - [2025-11-30T11:39:30.953+0000] {dagbag.py:588} INFO - Filling up the DagBag from /opt/airflow/dags/etl_dwh_daily.py
[2025-11-30T11:39:30.995+0000] {processor.py:925} INFO - DAG(s) 'etl_dwh_daily' retrieved from /opt/airflow/dags/etl_dwh_daily.py
[2025-11-30T11:39:31.044+0000] {logging_mixin.py:190} INFO - [2025-11-30T11:39:31.043+0000] {dag.py:3239} INFO - Sync 1 DAGs
[2025-11-30T11:39:31.082+0000] {logging_mixin.py:190} INFO - [2025-11-30T11:39:31.081+0000] {dag.py:4180} INFO - Setting next_dagrun for etl_dwh_daily to 2025-11-30 02:00:00+00:00, run_after=2025-12-01 02:00:00+00:00
[2025-11-30T11:39:31.107+0000] {processor.py:208} INFO - Processing /opt/airflow/dags/etl_dwh_daily.py took 0.174 seconds
[2025-11-30T11:40:01.431+0000] {processor.py:186} INFO - Started process (PID=258) to work on /opt/airflow/dags/etl_dwh_daily.py
[2025-11-30T11:40:01.432+0000] {processor.py:914} INFO - Processing file /opt/airflow/dags/etl_dwh_daily.py for tasks to queue
[2025-11-30T11:40:01.435+0000] {logging_mixin.py:190} INFO - [2025-11-30T11:40:01.434+0000] {dagbag.py:588} INFO - Filling up the DagBag from /opt/airflow/dags/etl_dwh_daily.py
[2025-11-30T11:40:01.467+0000] {processor.py:925} INFO - DAG(s) 'etl_dwh_daily' retrieved from /opt/airflow/dags/etl_dwh_daily.py
[2025-11-30T11:40:01.507+0000] {logging_mixin.py:190} INFO - [2025-11-30T11:40:01.507+0000] {dag.py:3239} INFO - Sync 1 DAGs
[2025-11-30T11:40:01.543+0000] {logging_mixin.py:190} INFO - [2025-11-30T11:40:01.543+0000] {dag.py:4180} INFO - Setting next_dagrun for etl_dwh_daily to 2025-11-30 02:00:00+00:00, run_after=2025-12-01 02:00:00+00:00
[2025-11-30T11:40:01.572+0000] {processor.py:208} INFO - Processing /opt/airflow/dags/etl_dwh_daily.py took 0.149 seconds
[2025-11-30T11:40:31.892+0000] {processor.py:186} INFO - Started process (PID=279) to work on /opt/airflow/dags/etl_dwh_daily.py
[2025-11-30T11:40:31.894+0000] {processor.py:914} INFO - Processing file /opt/airflow/dags/etl_dwh_daily.py for tasks to queue
[2025-11-30T11:40:31.897+0000] {logging_mixin.py:190} INFO - [2025-11-30T11:40:31.897+0000] {dagbag.py:588} INFO - Filling up the DagBag from /opt/airflow/dags/etl_dwh_daily.py
[2025-11-30T11:40:31.929+0000] {processor.py:925} INFO - DAG(s) 'etl_dwh_daily' retrieved from /opt/airflow/dags/etl_dwh_daily.py
[2025-11-30T11:40:31.970+0000] {logging_mixin.py:190} INFO - [2025-11-30T11:40:31.970+0000] {dag.py:3239} INFO - Sync 1 DAGs
[2025-11-30T11:40:32.010+0000] {logging_mixin.py:190} INFO - [2025-11-30T11:40:32.010+0000] {dag.py:4180} INFO - Setting next_dagrun for etl_dwh_daily to 2025-11-30 02:00:00+00:00, run_after=2025-12-01 02:00:00+00:00
[2025-11-30T11:40:32.039+0000] {processor.py:208} INFO - Processing /opt/airflow/dags/etl_dwh_daily.py took 0.155 seconds
[2025-11-30T11:41:02.410+0000] {processor.py:186} INFO - Started process (PID=300) to work on /opt/airflow/dags/etl_dwh_daily.py
[2025-11-30T11:41:02.413+0000] {processor.py:914} INFO - Processing file /opt/airflow/dags/etl_dwh_daily.py for tasks to queue
[2025-11-30T11:41:02.426+0000] {logging_mixin.py:190} INFO - [2025-11-30T11:41:02.425+0000] {dagbag.py:588} INFO - Filling up the DagBag from /opt/airflow/dags/etl_dwh_daily.py
[2025-11-30T11:41:02.485+0000] {processor.py:925} INFO - DAG(s) 'etl_dwh_daily' retrieved from /opt/airflow/dags/etl_dwh_daily.py
[2025-11-30T11:41:02.572+0000] {logging_mixin.py:190} INFO - [2025-11-30T11:41:02.571+0000] {dag.py:3239} INFO - Sync 1 DAGs
[2025-11-30T11:41:02.632+0000] {logging_mixin.py:190} INFO - [2025-11-30T11:41:02.632+0000] {dag.py:4180} INFO - Setting next_dagrun for etl_dwh_daily to 2025-11-30 02:00:00+00:00, run_after=2025-12-01 02:00:00+00:00
[2025-11-30T11:41:02.665+0000] {processor.py:208} INFO - Processing /opt/airflow/dags/etl_dwh_daily.py took 0.280 seconds
[2025-11-30T11:41:32.974+0000] {processor.py:186} INFO - Started process (PID=321) to work on /opt/airflow/dags/etl_dwh_daily.py
[2025-11-30T11:41:32.976+0000] {processor.py:914} INFO - Processing file /opt/airflow/dags/etl_dwh_daily.py for tasks to queue
[2025-11-30T11:41:32.979+0000] {logging_mixin.py:190} INFO - [2025-11-30T11:41:32.979+0000] {dagbag.py:588} INFO - Filling up the DagBag from /opt/airflow/dags/etl_dwh_daily.py
[2025-11-30T11:41:33.010+0000] {processor.py:925} INFO - DAG(s) 'etl_dwh_daily' retrieved from /opt/airflow/dags/etl_dwh_daily.py
[2025-11-30T11:41:33.054+0000] {logging_mixin.py:190} INFO - [2025-11-30T11:41:33.054+0000] {dag.py:3239} INFO - Sync 1 DAGs
[2025-11-30T11:41:33.087+0000] {logging_mixin.py:190} INFO - [2025-11-30T11:41:33.086+0000] {dag.py:4180} INFO - Setting next_dagrun for etl_dwh_daily to 2025-11-30 02:00:00+00:00, run_after=2025-12-01 02:00:00+00:00
[2025-11-30T11:41:33.111+0000] {processor.py:208} INFO - Processing /opt/airflow/dags/etl_dwh_daily.py took 0.145 seconds
[2025-11-30T11:42:03.432+0000] {processor.py:186} INFO - Started process (PID=342) to work on /opt/airflow/dags/etl_dwh_daily.py
[2025-11-30T11:42:03.433+0000] {processor.py:914} INFO - Processing file /opt/airflow/dags/etl_dwh_daily.py for tasks to queue
[2025-11-30T11:42:03.436+0000] {logging_mixin.py:190} INFO - [2025-11-30T11:42:03.436+0000] {dagbag.py:588} INFO - Filling up the DagBag from /opt/airflow/dags/etl_dwh_daily.py
[2025-11-30T11:42:03.469+0000] {processor.py:925} INFO - DAG(s) 'etl_dwh_daily' retrieved from /opt/airflow/dags/etl_dwh_daily.py
[2025-11-30T11:42:03.507+0000] {logging_mixin.py:190} INFO - [2025-11-30T11:42:03.506+0000] {dag.py:3239} INFO - Sync 1 DAGs
[2025-11-30T11:42:03.537+0000] {logging_mixin.py:190} INFO - [2025-11-30T11:42:03.537+0000] {dag.py:4180} INFO - Setting next_dagrun for etl_dwh_daily to 2025-11-30 02:00:00+00:00, run_after=2025-12-01 02:00:00+00:00
[2025-11-30T11:42:03.559+0000] {processor.py:208} INFO - Processing /opt/airflow/dags/etl_dwh_daily.py took 0.135 seconds
[2025-11-30T11:42:33.914+0000] {processor.py:186} INFO - Started process (PID=364) to work on /opt/airflow/dags/etl_dwh_daily.py
[2025-11-30T11:42:33.916+0000] {processor.py:914} INFO - Processing file /opt/airflow/dags/etl_dwh_daily.py for tasks to queue
[2025-11-30T11:42:33.920+0000] {logging_mixin.py:190} INFO - [2025-11-30T11:42:33.919+0000] {dagbag.py:588} INFO - Filling up the DagBag from /opt/airflow/dags/etl_dwh_daily.py
[2025-11-30T11:42:33.954+0000] {processor.py:925} INFO - DAG(s) 'etl_dwh_daily' retrieved from /opt/airflow/dags/etl_dwh_daily.py
[2025-11-30T11:42:34.000+0000] {logging_mixin.py:190} INFO - [2025-11-30T11:42:34.000+0000] {dag.py:3239} INFO - Sync 1 DAGs
[2025-11-30T11:42:34.039+0000] {logging_mixin.py:190} INFO - [2025-11-30T11:42:34.038+0000] {dag.py:4180} INFO - Setting next_dagrun for etl_dwh_daily to 2025-11-30 02:00:00+00:00, run_after=2025-12-01 02:00:00+00:00
[2025-11-30T11:42:34.069+0000] {processor.py:208} INFO - Processing /opt/airflow/dags/etl_dwh_daily.py took 0.175 seconds
[2025-11-30T11:43:04.400+0000] {processor.py:186} INFO - Started process (PID=385) to work on /opt/airflow/dags/etl_dwh_daily.py
[2025-11-30T11:43:04.402+0000] {processor.py:914} INFO - Processing file /opt/airflow/dags/etl_dwh_daily.py for tasks to queue
[2025-11-30T11:43:04.405+0000] {logging_mixin.py:190} INFO - [2025-11-30T11:43:04.404+0000] {dagbag.py:588} INFO - Filling up the DagBag from /opt/airflow/dags/etl_dwh_daily.py
[2025-11-30T11:43:04.434+0000] {processor.py:925} INFO - DAG(s) 'etl_dwh_daily' retrieved from /opt/airflow/dags/etl_dwh_daily.py
[2025-11-30T11:43:04.475+0000] {logging_mixin.py:190} INFO - [2025-11-30T11:43:04.475+0000] {dag.py:3239} INFO - Sync 1 DAGs
[2025-11-30T11:43:04.510+0000] {logging_mixin.py:190} INFO - [2025-11-30T11:43:04.509+0000] {dag.py:4180} INFO - Setting next_dagrun for etl_dwh_daily to 2025-11-30 02:00:00+00:00, run_after=2025-12-01 02:00:00+00:00
[2025-11-30T11:43:04.547+0000] {processor.py:208} INFO - Processing /opt/airflow/dags/etl_dwh_daily.py took 0.155 seconds
[2025-11-30T11:43:34.959+0000] {processor.py:186} INFO - Started process (PID=406) to work on /opt/airflow/dags/etl_dwh_daily.py
[2025-11-30T11:43:34.960+0000] {processor.py:914} INFO - Processing file /opt/airflow/dags/etl_dwh_daily.py for tasks to queue
[2025-11-30T11:43:34.964+0000] {logging_mixin.py:190} INFO - [2025-11-30T11:43:34.963+0000] {dagbag.py:588} INFO - Filling up the DagBag from /opt/airflow/dags/etl_dwh_daily.py
[2025-11-30T11:43:34.999+0000] {processor.py:925} INFO - DAG(s) 'etl_dwh_daily' retrieved from /opt/airflow/dags/etl_dwh_daily.py
[2025-11-30T11:43:35.046+0000] {logging_mixin.py:190} INFO - [2025-11-30T11:43:35.045+0000] {dag.py:3239} INFO - Sync 1 DAGs
[2025-11-30T11:43:35.084+0000] {logging_mixin.py:190} INFO - [2025-11-30T11:43:35.084+0000] {dag.py:4180} INFO - Setting next_dagrun for etl_dwh_daily to 2025-11-30 02:00:00+00:00, run_after=2025-12-01 02:00:00+00:00
[2025-11-30T11:43:35.112+0000] {processor.py:208} INFO - Processing /opt/airflow/dags/etl_dwh_daily.py took 0.161 seconds
[2025-11-30T11:44:05.439+0000] {processor.py:186} INFO - Started process (PID=427) to work on /opt/airflow/dags/etl_dwh_daily.py
[2025-11-30T11:44:05.440+0000] {processor.py:914} INFO - Processing file /opt/airflow/dags/etl_dwh_daily.py for tasks to queue
[2025-11-30T11:44:05.443+0000] {logging_mixin.py:190} INFO - [2025-11-30T11:44:05.443+0000] {dagbag.py:588} INFO - Filling up the DagBag from /opt/airflow/dags/etl_dwh_daily.py
[2025-11-30T11:44:05.474+0000] {processor.py:925} INFO - DAG(s) 'etl_dwh_daily' retrieved from /opt/airflow/dags/etl_dwh_daily.py
[2025-11-30T11:44:05.515+0000] {logging_mixin.py:190} INFO - [2025-11-30T11:44:05.515+0000] {dag.py:3239} INFO - Sync 1 DAGs
[2025-11-30T11:44:05.555+0000] {logging_mixin.py:190} INFO - [2025-11-30T11:44:05.555+0000] {dag.py:4180} INFO - Setting next_dagrun for etl_dwh_daily to 2025-11-30 02:00:00+00:00, run_after=2025-12-01 02:00:00+00:00
[2025-11-30T11:44:05.586+0000] {processor.py:208} INFO - Processing /opt/airflow/dags/etl_dwh_daily.py took 0.154 seconds
[2025-11-30T11:44:36.025+0000] {processor.py:186} INFO - Started process (PID=448) to work on /opt/airflow/dags/etl_dwh_daily.py
[2025-11-30T11:44:36.028+0000] {processor.py:914} INFO - Processing file /opt/airflow/dags/etl_dwh_daily.py for tasks to queue
[2025-11-30T11:44:36.035+0000] {logging_mixin.py:190} INFO - [2025-11-30T11:44:36.034+0000] {dagbag.py:588} INFO - Filling up the DagBag from /opt/airflow/dags/etl_dwh_daily.py
[2025-11-30T11:44:36.083+0000] {processor.py:925} INFO - DAG(s) 'etl_dwh_daily' retrieved from /opt/airflow/dags/etl_dwh_daily.py
[2025-11-30T11:44:36.140+0000] {logging_mixin.py:190} INFO - [2025-11-30T11:44:36.139+0000] {dag.py:3239} INFO - Sync 1 DAGs
[2025-11-30T11:44:36.194+0000] {logging_mixin.py:190} INFO - [2025-11-30T11:44:36.194+0000] {dag.py:4180} INFO - Setting next_dagrun for etl_dwh_daily to 2025-11-30 02:00:00+00:00, run_after=2025-12-01 02:00:00+00:00
[2025-11-30T11:44:36.232+0000] {processor.py:208} INFO - Processing /opt/airflow/dags/etl_dwh_daily.py took 0.222 seconds
[2025-11-30T11:45:06.645+0000] {processor.py:186} INFO - Started process (PID=469) to work on /opt/airflow/dags/etl_dwh_daily.py
[2025-11-30T11:45:06.648+0000] {processor.py:914} INFO - Processing file /opt/airflow/dags/etl_dwh_daily.py for tasks to queue
[2025-11-30T11:45:06.657+0000] {logging_mixin.py:190} INFO - [2025-11-30T11:45:06.656+0000] {dagbag.py:588} INFO - Filling up the DagBag from /opt/airflow/dags/etl_dwh_daily.py
[2025-11-30T11:45:06.711+0000] {processor.py:925} INFO - DAG(s) 'etl_dwh_daily' retrieved from /opt/airflow/dags/etl_dwh_daily.py
[2025-11-30T11:45:06.787+0000] {logging_mixin.py:190} INFO - [2025-11-30T11:45:06.787+0000] {dag.py:3239} INFO - Sync 1 DAGs
[2025-11-30T11:45:06.858+0000] {logging_mixin.py:190} INFO - [2025-11-30T11:45:06.857+0000] {dag.py:4180} INFO - Setting next_dagrun for etl_dwh_daily to 2025-11-30 02:00:00+00:00, run_after=2025-12-01 02:00:00+00:00
[2025-11-30T11:45:06.899+0000] {processor.py:208} INFO - Processing /opt/airflow/dags/etl_dwh_daily.py took 0.275 seconds
[2025-11-30T11:45:37.254+0000] {processor.py:186} INFO - Started process (PID=490) to work on /opt/airflow/dags/etl_dwh_daily.py
[2025-11-30T11:45:37.256+0000] {processor.py:914} INFO - Processing file /opt/airflow/dags/etl_dwh_daily.py for tasks to queue
[2025-11-30T11:45:37.259+0000] {logging_mixin.py:190} INFO - [2025-11-30T11:45:37.259+0000] {dagbag.py:588} INFO - Filling up the DagBag from /opt/airflow/dags/etl_dwh_daily.py
[2025-11-30T11:45:37.293+0000] {processor.py:925} INFO - DAG(s) 'etl_dwh_daily' retrieved from /opt/airflow/dags/etl_dwh_daily.py
[2025-11-30T11:45:37.343+0000] {logging_mixin.py:190} INFO - [2025-11-30T11:45:37.343+0000] {dag.py:3239} INFO - Sync 1 DAGs
[2025-11-30T11:45:37.387+0000] {logging_mixin.py:190} INFO - [2025-11-30T11:45:37.387+0000] {dag.py:4180} INFO - Setting next_dagrun for etl_dwh_daily to 2025-11-30 02:00:00+00:00, run_after=2025-12-01 02:00:00+00:00
[2025-11-30T11:45:37.767+0000] {processor.py:208} INFO - Processing /opt/airflow/dags/etl_dwh_daily.py took 0.522 seconds
[2025-11-30T11:46:08.014+0000] {processor.py:186} INFO - Started process (PID=511) to work on /opt/airflow/dags/etl_dwh_daily.py
[2025-11-30T11:46:08.015+0000] {processor.py:914} INFO - Processing file /opt/airflow/dags/etl_dwh_daily.py for tasks to queue
[2025-11-30T11:46:08.019+0000] {logging_mixin.py:190} INFO - [2025-11-30T11:46:08.019+0000] {dagbag.py:588} INFO - Filling up the DagBag from /opt/airflow/dags/etl_dwh_daily.py
[2025-11-30T11:46:08.061+0000] {processor.py:925} INFO - DAG(s) 'etl_dwh_daily' retrieved from /opt/airflow/dags/etl_dwh_daily.py
[2025-11-30T11:46:08.108+0000] {logging_mixin.py:190} INFO - [2025-11-30T11:46:08.108+0000] {dag.py:3239} INFO - Sync 1 DAGs
[2025-11-30T11:46:08.449+0000] {logging_mixin.py:190} INFO - [2025-11-30T11:46:08.448+0000] {dag.py:4180} INFO - Setting next_dagrun for etl_dwh_daily to 2025-11-30 02:00:00+00:00, run_after=2025-12-01 02:00:00+00:00
[2025-11-30T11:46:08.477+0000] {processor.py:208} INFO - Processing /opt/airflow/dags/etl_dwh_daily.py took 0.472 seconds
[2025-11-30T11:46:38.877+0000] {processor.py:186} INFO - Started process (PID=532) to work on /opt/airflow/dags/etl_dwh_daily.py
[2025-11-30T11:46:38.879+0000] {processor.py:914} INFO - Processing file /opt/airflow/dags/etl_dwh_daily.py for tasks to queue
[2025-11-30T11:46:38.884+0000] {logging_mixin.py:190} INFO - [2025-11-30T11:46:38.884+0000] {dagbag.py:588} INFO - Filling up the DagBag from /opt/airflow/dags/etl_dwh_daily.py
[2025-11-30T11:46:38.924+0000] {processor.py:925} INFO - DAG(s) 'etl_dwh_daily' retrieved from /opt/airflow/dags/etl_dwh_daily.py
[2025-11-30T11:46:38.990+0000] {logging_mixin.py:190} INFO - [2025-11-30T11:46:38.989+0000] {dag.py:3239} INFO - Sync 1 DAGs
[2025-11-30T11:46:39.357+0000] {logging_mixin.py:190} INFO - [2025-11-30T11:46:39.357+0000] {dag.py:4180} INFO - Setting next_dagrun for etl_dwh_daily to 2025-11-30 02:00:00+00:00, run_after=2025-12-01 02:00:00+00:00
[2025-11-30T11:46:39.387+0000] {processor.py:208} INFO - Processing /opt/airflow/dags/etl_dwh_daily.py took 0.525 seconds
[2025-11-30T11:47:09.769+0000] {processor.py:186} INFO - Started process (PID=553) to work on /opt/airflow/dags/etl_dwh_daily.py
[2025-11-30T11:47:09.772+0000] {processor.py:914} INFO - Processing file /opt/airflow/dags/etl_dwh_daily.py for tasks to queue
[2025-11-30T11:47:09.777+0000] {logging_mixin.py:190} INFO - [2025-11-30T11:47:09.776+0000] {dagbag.py:588} INFO - Filling up the DagBag from /opt/airflow/dags/etl_dwh_daily.py
[2025-11-30T11:47:09.823+0000] {processor.py:925} INFO - DAG(s) 'etl_dwh_daily' retrieved from /opt/airflow/dags/etl_dwh_daily.py
[2025-11-30T11:47:10.173+0000] {logging_mixin.py:190} INFO - [2025-11-30T11:47:10.173+0000] {dag.py:3239} INFO - Sync 1 DAGs
[2025-11-30T11:47:10.215+0000] {logging_mixin.py:190} INFO - [2025-11-30T11:47:10.214+0000] {dag.py:4180} INFO - Setting next_dagrun for etl_dwh_daily to 2025-11-30 02:00:00+00:00, run_after=2025-12-01 02:00:00+00:00
[2025-11-30T11:47:10.248+0000] {processor.py:208} INFO - Processing /opt/airflow/dags/etl_dwh_daily.py took 0.494 seconds
[2025-11-30T11:47:40.609+0000] {processor.py:186} INFO - Started process (PID=574) to work on /opt/airflow/dags/etl_dwh_daily.py
[2025-11-30T11:47:40.610+0000] {processor.py:914} INFO - Processing file /opt/airflow/dags/etl_dwh_daily.py for tasks to queue
[2025-11-30T11:47:40.614+0000] {logging_mixin.py:190} INFO - [2025-11-30T11:47:40.614+0000] {dagbag.py:588} INFO - Filling up the DagBag from /opt/airflow/dags/etl_dwh_daily.py
[2025-11-30T11:47:40.642+0000] {processor.py:925} INFO - DAG(s) 'etl_dwh_daily' retrieved from /opt/airflow/dags/etl_dwh_daily.py
[2025-11-30T11:47:40.686+0000] {logging_mixin.py:190} INFO - [2025-11-30T11:47:40.686+0000] {dag.py:3239} INFO - Sync 1 DAGs
[2025-11-30T11:47:40.723+0000] {logging_mixin.py:190} INFO - [2025-11-30T11:47:40.722+0000] {dag.py:4180} INFO - Setting next_dagrun for etl_dwh_daily to 2025-11-30 02:00:00+00:00, run_after=2025-12-01 02:00:00+00:00
[2025-11-30T11:47:40.751+0000] {processor.py:208} INFO - Processing /opt/airflow/dags/etl_dwh_daily.py took 0.149 seconds
[2025-11-30T11:48:11.117+0000] {processor.py:186} INFO - Started process (PID=595) to work on /opt/airflow/dags/etl_dwh_daily.py
[2025-11-30T11:48:11.119+0000] {processor.py:914} INFO - Processing file /opt/airflow/dags/etl_dwh_daily.py for tasks to queue
[2025-11-30T11:48:11.123+0000] {logging_mixin.py:190} INFO - [2025-11-30T11:48:11.123+0000] {dagbag.py:588} INFO - Filling up the DagBag from /opt/airflow/dags/etl_dwh_daily.py
[2025-11-30T11:48:11.166+0000] {processor.py:925} INFO - DAG(s) 'etl_dwh_daily' retrieved from /opt/airflow/dags/etl_dwh_daily.py
[2025-11-30T11:48:11.219+0000] {logging_mixin.py:190} INFO - [2025-11-30T11:48:11.219+0000] {dag.py:3239} INFO - Sync 1 DAGs
[2025-11-30T11:48:11.276+0000] {logging_mixin.py:190} INFO - [2025-11-30T11:48:11.275+0000] {dag.py:4180} INFO - Setting next_dagrun for etl_dwh_daily to 2025-11-30 02:00:00+00:00, run_after=2025-12-01 02:00:00+00:00
[2025-11-30T11:48:11.314+0000] {processor.py:208} INFO - Processing /opt/airflow/dags/etl_dwh_daily.py took 0.207 seconds
[2025-11-30T11:48:41.692+0000] {processor.py:186} INFO - Started process (PID=616) to work on /opt/airflow/dags/etl_dwh_daily.py
[2025-11-30T11:48:41.693+0000] {processor.py:914} INFO - Processing file /opt/airflow/dags/etl_dwh_daily.py for tasks to queue
[2025-11-30T11:48:41.696+0000] {logging_mixin.py:190} INFO - [2025-11-30T11:48:41.696+0000] {dagbag.py:588} INFO - Filling up the DagBag from /opt/airflow/dags/etl_dwh_daily.py
[2025-11-30T11:48:41.727+0000] {processor.py:925} INFO - DAG(s) 'etl_dwh_daily' retrieved from /opt/airflow/dags/etl_dwh_daily.py
[2025-11-30T11:48:41.768+0000] {logging_mixin.py:190} INFO - [2025-11-30T11:48:41.767+0000] {dag.py:3239} INFO - Sync 1 DAGs
[2025-11-30T11:48:42.068+0000] {logging_mixin.py:190} INFO - [2025-11-30T11:48:42.068+0000] {dag.py:4180} INFO - Setting next_dagrun for etl_dwh_daily to 2025-11-30 02:00:00+00:00, run_after=2025-12-01 02:00:00+00:00
[2025-11-30T11:48:42.099+0000] {processor.py:208} INFO - Processing /opt/airflow/dags/etl_dwh_daily.py took 0.415 seconds
[2025-11-30T11:49:12.450+0000] {processor.py:186} INFO - Started process (PID=637) to work on /opt/airflow/dags/etl_dwh_daily.py
[2025-11-30T11:49:12.451+0000] {processor.py:914} INFO - Processing file /opt/airflow/dags/etl_dwh_daily.py for tasks to queue
[2025-11-30T11:49:12.455+0000] {logging_mixin.py:190} INFO - [2025-11-30T11:49:12.454+0000] {dagbag.py:588} INFO - Filling up the DagBag from /opt/airflow/dags/etl_dwh_daily.py
[2025-11-30T11:49:12.493+0000] {processor.py:925} INFO - DAG(s) 'etl_dwh_daily' retrieved from /opt/airflow/dags/etl_dwh_daily.py
[2025-11-30T11:49:12.572+0000] {logging_mixin.py:190} INFO - [2025-11-30T11:49:12.572+0000] {dag.py:3239} INFO - Sync 1 DAGs
[2025-11-30T11:49:13.077+0000] {logging_mixin.py:190} INFO - [2025-11-30T11:49:13.077+0000] {dag.py:4180} INFO - Setting next_dagrun for etl_dwh_daily to 2025-11-30 02:00:00+00:00, run_after=2025-12-01 02:00:00+00:00
[2025-11-30T11:49:13.099+0000] {processor.py:208} INFO - Processing /opt/airflow/dags/etl_dwh_daily.py took 0.659 seconds
[2025-11-30T11:49:43.441+0000] {processor.py:186} INFO - Started process (PID=664) to work on /opt/airflow/dags/etl_dwh_daily.py
[2025-11-30T11:49:43.444+0000] {processor.py:914} INFO - Processing file /opt/airflow/dags/etl_dwh_daily.py for tasks to queue
[2025-11-30T11:49:43.448+0000] {logging_mixin.py:190} INFO - [2025-11-30T11:49:43.448+0000] {dagbag.py:588} INFO - Filling up the DagBag from /opt/airflow/dags/etl_dwh_daily.py
[2025-11-30T11:49:43.492+0000] {processor.py:925} INFO - DAG(s) 'etl_dwh_daily' retrieved from /opt/airflow/dags/etl_dwh_daily.py
[2025-11-30T11:49:43.797+0000] {logging_mixin.py:190} INFO - [2025-11-30T11:49:43.797+0000] {dag.py:3239} INFO - Sync 1 DAGs
[2025-11-30T11:49:43.831+0000] {logging_mixin.py:190} INFO - [2025-11-30T11:49:43.831+0000] {dag.py:4180} INFO - Setting next_dagrun for etl_dwh_daily to 2025-11-30 02:00:00+00:00, run_after=2025-12-01 02:00:00+00:00
[2025-11-30T11:49:43.859+0000] {processor.py:208} INFO - Processing /opt/airflow/dags/etl_dwh_daily.py took 0.430 seconds
[2025-11-30T11:50:14.276+0000] {processor.py:186} INFO - Started process (PID=848) to work on /opt/airflow/dags/etl_dwh_daily.py
[2025-11-30T11:50:14.278+0000] {processor.py:914} INFO - Processing file /opt/airflow/dags/etl_dwh_daily.py for tasks to queue
[2025-11-30T11:50:14.283+0000] {logging_mixin.py:190} INFO - [2025-11-30T11:50:14.282+0000] {dagbag.py:588} INFO - Filling up the DagBag from /opt/airflow/dags/etl_dwh_daily.py
[2025-11-30T11:50:14.323+0000] {processor.py:925} INFO - DAG(s) 'etl_dwh_daily' retrieved from /opt/airflow/dags/etl_dwh_daily.py
[2025-11-30T11:50:14.376+0000] {logging_mixin.py:190} INFO - [2025-11-30T11:50:14.376+0000] {dag.py:3239} INFO - Sync 1 DAGs
[2025-11-30T11:50:14.443+0000] {processor.py:208} INFO - Processing /opt/airflow/dags/etl_dwh_daily.py took 0.179 seconds
[2025-11-30T11:50:44.812+0000] {processor.py:186} INFO - Started process (PID=869) to work on /opt/airflow/dags/etl_dwh_daily.py
[2025-11-30T11:50:44.814+0000] {processor.py:914} INFO - Processing file /opt/airflow/dags/etl_dwh_daily.py for tasks to queue
[2025-11-30T11:50:44.821+0000] {logging_mixin.py:190} INFO - [2025-11-30T11:50:44.820+0000] {dagbag.py:588} INFO - Filling up the DagBag from /opt/airflow/dags/etl_dwh_daily.py
[2025-11-30T11:50:44.864+0000] {processor.py:925} INFO - DAG(s) 'etl_dwh_daily' retrieved from /opt/airflow/dags/etl_dwh_daily.py
[2025-11-30T11:50:44.921+0000] {logging_mixin.py:190} INFO - [2025-11-30T11:50:44.921+0000] {dag.py:3239} INFO - Sync 1 DAGs
[2025-11-30T11:50:45.024+0000] {processor.py:208} INFO - Processing /opt/airflow/dags/etl_dwh_daily.py took 0.224 seconds
[2025-11-30T11:51:15.376+0000] {processor.py:186} INFO - Started process (PID=890) to work on /opt/airflow/dags/etl_dwh_daily.py
[2025-11-30T11:51:15.378+0000] {processor.py:914} INFO - Processing file /opt/airflow/dags/etl_dwh_daily.py for tasks to queue
[2025-11-30T11:51:15.382+0000] {logging_mixin.py:190} INFO - [2025-11-30T11:51:15.382+0000] {dagbag.py:588} INFO - Filling up the DagBag from /opt/airflow/dags/etl_dwh_daily.py
[2025-11-30T11:51:15.418+0000] {processor.py:925} INFO - DAG(s) 'etl_dwh_daily' retrieved from /opt/airflow/dags/etl_dwh_daily.py
[2025-11-30T11:51:15.465+0000] {logging_mixin.py:190} INFO - [2025-11-30T11:51:15.465+0000] {dag.py:3239} INFO - Sync 1 DAGs
[2025-11-30T11:51:15.810+0000] {processor.py:208} INFO - Processing /opt/airflow/dags/etl_dwh_daily.py took 0.447 seconds
[2025-11-30T11:51:46.148+0000] {processor.py:186} INFO - Started process (PID=911) to work on /opt/airflow/dags/etl_dwh_daily.py
[2025-11-30T11:51:46.150+0000] {processor.py:914} INFO - Processing file /opt/airflow/dags/etl_dwh_daily.py for tasks to queue
[2025-11-30T11:51:46.154+0000] {logging_mixin.py:190} INFO - [2025-11-30T11:51:46.153+0000] {dagbag.py:588} INFO - Filling up the DagBag from /opt/airflow/dags/etl_dwh_daily.py
[2025-11-30T11:51:46.192+0000] {processor.py:925} INFO - DAG(s) 'etl_dwh_daily' retrieved from /opt/airflow/dags/etl_dwh_daily.py
[2025-11-30T11:51:46.247+0000] {logging_mixin.py:190} INFO - [2025-11-30T11:51:46.247+0000] {dag.py:3239} INFO - Sync 1 DAGs
[2025-11-30T11:51:46.658+0000] {processor.py:208} INFO - Processing /opt/airflow/dags/etl_dwh_daily.py took 0.523 seconds
[2025-11-30T11:52:17.046+0000] {processor.py:186} INFO - Started process (PID=932) to work on /opt/airflow/dags/etl_dwh_daily.py
[2025-11-30T11:52:17.047+0000] {processor.py:914} INFO - Processing file /opt/airflow/dags/etl_dwh_daily.py for tasks to queue
[2025-11-30T11:52:17.052+0000] {logging_mixin.py:190} INFO - [2025-11-30T11:52:17.051+0000] {dagbag.py:588} INFO - Filling up the DagBag from /opt/airflow/dags/etl_dwh_daily.py
[2025-11-30T11:52:17.095+0000] {processor.py:925} INFO - DAG(s) 'etl_dwh_daily' retrieved from /opt/airflow/dags/etl_dwh_daily.py
[2025-11-30T11:52:17.164+0000] {logging_mixin.py:190} INFO - [2025-11-30T11:52:17.163+0000] {dag.py:3239} INFO - Sync 1 DAGs
[2025-11-30T11:52:17.566+0000] {processor.py:208} INFO - Processing /opt/airflow/dags/etl_dwh_daily.py took 0.529 seconds
