[2025-12-01T06:05:09.270+0000] {local_task_job_runner.py:123} INFO - ::group::Pre task execution logs
[2025-12-01T06:05:09.293+0000] {taskinstance.py:2612} INFO - Dependencies all met for dep_context=non-requeueable deps ti=<TaskInstance: ETL_DWH_Daily.run_insert_bronze scheduled__2025-12-01T06:00:00+00:00 [queued]>
[2025-12-01T06:05:09.306+0000] {taskinstance.py:2612} INFO - Dependencies all met for dep_context=requeueable deps ti=<TaskInstance: ETL_DWH_Daily.run_insert_bronze scheduled__2025-12-01T06:00:00+00:00 [queued]>
[2025-12-01T06:05:09.307+0000] {taskinstance.py:2865} INFO - Starting attempt 1 of 2
[2025-12-01T06:05:09.323+0000] {taskinstance.py:2888} INFO - Executing <Task(BashOperator): run_insert_bronze> on 2025-12-01 06:00:00+00:00
[2025-12-01T06:05:09.336+0000] {logging_mixin.py:190} WARNING - /home/***/.local/lib/python3.12/site-packages/***/task/task_runner/standard_task_runner.py:70 DeprecationWarning: This process (pid=9655) is multi-threaded, use of fork() may lead to deadlocks in the child.
[2025-12-01T06:05:09.338+0000] {standard_task_runner.py:72} INFO - Started process 9656 to run task
[2025-12-01T06:05:09.336+0000] {standard_task_runner.py:104} INFO - Running: ['***', 'tasks', 'run', 'ETL_DWH_Daily', 'run_insert_bronze', 'scheduled__2025-12-01T06:00:00+00:00', '--job-id', '922', '--raw', '--subdir', 'DAGS_FOLDER/etl_insert_DWH_Daily_dag.py', '--cfg-path', '/tmp/tmp9bl6w5d4']
[2025-12-01T06:05:09.339+0000] {standard_task_runner.py:105} INFO - Job 922: Subtask run_insert_bronze
[2025-12-01T06:05:09.413+0000] {task_command.py:467} INFO - Running <TaskInstance: ETL_DWH_Daily.run_insert_bronze scheduled__2025-12-01T06:00:00+00:00 [running]> on host bdb661d75ef8
[2025-12-01T06:05:09.539+0000] {taskinstance.py:3131} INFO - Exporting env vars: AIRFLOW_CTX_DAG_OWNER='yohan' AIRFLOW_CTX_DAG_ID='ETL_DWH_Daily' AIRFLOW_CTX_TASK_ID='run_insert_bronze' AIRFLOW_CTX_EXECUTION_DATE='2025-12-01T06:00:00+00:00' AIRFLOW_CTX_TRY_NUMBER='1' AIRFLOW_CTX_DAG_RUN_ID='scheduled__2025-12-01T06:00:00+00:00'
[2025-12-01T06:05:09.541+0000] {taskinstance.py:731} INFO - ::endgroup::
[2025-12-01T06:05:09.559+0000] {subprocess.py:63} INFO - Tmp dir root location: /tmp
[2025-12-01T06:05:09.561+0000] {subprocess.py:75} INFO - Running command: ['/usr/bin/bash', '-c', 'python /opt/***/scripts/STG_Insert_DWH.py']
[2025-12-01T06:05:09.578+0000] {subprocess.py:86} INFO - Output:
[2025-12-01T06:05:11.706+0000] {subprocess.py:93} INFO - ['/opt/***/scripts', '/usr/local/lib/python312.zip', '/usr/local/lib/python3.12', '/usr/local/lib/python3.12/lib-dynload', '/home/***/.local/lib/python3.12/site-packages']
[2025-12-01T06:05:11.707+0000] {subprocess.py:93} INFO - Start export - 2025-12-01 06:05:11.370553
[2025-12-01T06:05:11.708+0000] {subprocess.py:93} INFO - 
[2025-12-01T06:05:11.709+0000] {subprocess.py:93} INFO -  CUSTOMER – Last dtmload: 2025-12-01 11:07:34
[2025-12-01T06:05:11.718+0000] {subprocess.py:93} INFO - Exporting customer: 0it [00:00, ?it/s]Exporting customer: 1it [00:00, 85.59it/s]
[2025-12-01T06:05:11.849+0000] {subprocess.py:93} INFO - Deleting updated rows from staging.customer_raw...
[2025-12-01T06:05:11.851+0000] {subprocess.py:93} INFO - Insert data_export/temp_parquet/customer_part_1.parquet...
[2025-12-01T06:05:11.852+0000] {subprocess.py:93} INFO - 
[2025-12-01T06:05:11.853+0000] {subprocess.py:93} INFO -  CITY – Last dtmload: 2025-11-30 21:20:09
[2025-12-01T06:05:11.853+0000] {subprocess.py:93} INFO - Exporting city: 0it [00:00, ?it/s]Exporting city: 1it [00:00, 259.55it/s]
[2025-12-01T06:05:11.960+0000] {subprocess.py:93} INFO - Deleting updated rows from staging.city_raw...
[2025-12-01T06:05:11.961+0000] {subprocess.py:93} INFO - Insert data_export/temp_parquet/city_part_1.parquet...
[2025-12-01T06:05:11.962+0000] {subprocess.py:93} INFO - 
[2025-12-01T06:05:11.962+0000] {subprocess.py:93} INFO -  ACCOUNT – Last dtmload: 2025-11-30 21:20:09
[2025-12-01T06:05:11.964+0000] {subprocess.py:93} INFO - Exporting account: 0it [00:00, ?it/s]Exporting account: 1it [00:00, 262.59it/s]
[2025-12-01T06:05:12.069+0000] {subprocess.py:93} INFO - Deleting updated rows from staging.account_raw...
[2025-12-01T06:05:12.070+0000] {subprocess.py:93} INFO - Insert data_export/temp_parquet/account_part_1.parquet...
[2025-12-01T06:05:12.071+0000] {subprocess.py:93} INFO - 
[2025-12-01T06:05:12.071+0000] {subprocess.py:93} INFO -  BRANCH – Last dtmload: 2025-11-30 21:20:09
[2025-12-01T06:05:12.072+0000] {subprocess.py:93} INFO - Exporting branch: 0it [00:00, ?it/s]Exporting branch: 1it [00:00, 345.44it/s]
[2025-12-01T06:05:12.171+0000] {subprocess.py:93} INFO - Deleting updated rows from staging.branch_raw...
[2025-12-01T06:05:12.172+0000] {subprocess.py:93} INFO - Insert data_export/temp_parquet/branch_part_1.parquet...
[2025-12-01T06:05:12.172+0000] {subprocess.py:93} INFO - 
[2025-12-01T06:05:12.173+0000] {subprocess.py:93} INFO -  STATE – Last dtmload: 2025-11-30 21:20:10
[2025-12-01T06:05:12.173+0000] {subprocess.py:93} INFO - Exporting state: 0it [00:00, ?it/s]Exporting state: 1it [00:00, 432.40it/s]
[2025-12-01T06:05:12.277+0000] {subprocess.py:93} INFO - Deleting updated rows from staging.state_raw...
[2025-12-01T06:05:12.279+0000] {subprocess.py:93} INFO - Insert data_export/temp_parquet/state_part_1.parquet...
[2025-12-01T06:05:12.279+0000] {subprocess.py:93} INFO - 
[2025-12-01T06:05:12.280+0000] {subprocess.py:93} INFO -  TRANSACTION – Last dtmload: 2025-12-01 11:38:17
[2025-12-01T06:05:12.281+0000] {subprocess.py:93} INFO - Exporting transaction: 0it [00:00, ?it/s]Exporting transaction: 1it [00:00, 271.25it/s]
[2025-12-01T06:05:12.331+0000] {subprocess.py:93} INFO - Deleting updated rows from staging.transaction_raw...
[2025-12-01T06:05:12.332+0000] {subprocess.py:93} INFO - Insert data_export/temp_parquet/transaction_part_1.parquet...
[2025-12-01T06:05:12.333+0000] {subprocess.py:93} INFO - []
[2025-12-01T06:05:12.333+0000] {subprocess.py:93} INFO - []
[2025-12-01T06:05:12.334+0000] {subprocess.py:93} INFO - []
[2025-12-01T06:05:12.334+0000] {subprocess.py:93} INFO - No CSV/XLSX transaction files found.
[2025-12-01T06:05:12.335+0000] {subprocess.py:93} INFO - 
[2025-12-01T06:05:12.335+0000] {subprocess.py:93} INFO -  Cleaning temp parquet...
[2025-12-01T06:05:12.336+0000] {subprocess.py:93} INFO -  Finish - 2025-12-01 06:05:12.331767
[2025-12-01T06:05:12.471+0000] {subprocess.py:97} INFO - Command exited with return code 0
[2025-12-01T06:05:12.521+0000] {taskinstance.py:340} INFO - ::group::Post task execution logs
[2025-12-01T06:05:12.522+0000] {taskinstance.py:352} INFO - Marking task as SUCCESS. dag_id=ETL_DWH_Daily, task_id=run_insert_bronze, run_id=scheduled__2025-12-01T06:00:00+00:00, execution_date=20251201T060000, start_date=20251201T060509, end_date=20251201T060512
[2025-12-01T06:05:12.584+0000] {local_task_job_runner.py:266} INFO - Task exited with return code 0
[2025-12-01T06:05:12.616+0000] {taskinstance.py:3900} INFO - 1 downstream tasks scheduled from follow-on schedule check
[2025-12-01T06:05:12.619+0000] {local_task_job_runner.py:245} INFO - ::endgroup::
