[2025-12-01T06:06:32.567+0000] {local_task_job_runner.py:123} INFO - ::group::Pre task execution logs
[2025-12-01T06:06:32.586+0000] {taskinstance.py:2612} INFO - Dependencies all met for dep_context=non-requeueable deps ti=<TaskInstance: ETL_DWH_Daily.run_insert_silver scheduled__2025-12-01T05:50:00+00:00 [queued]>
[2025-12-01T06:06:32.595+0000] {taskinstance.py:2612} INFO - Dependencies all met for dep_context=requeueable deps ti=<TaskInstance: ETL_DWH_Daily.run_insert_silver scheduled__2025-12-01T05:50:00+00:00 [queued]>
[2025-12-01T06:06:32.595+0000] {taskinstance.py:2865} INFO - Starting attempt 2 of 2
[2025-12-01T06:06:32.610+0000] {taskinstance.py:2888} INFO - Executing <Task(BashOperator): run_insert_silver> on 2025-12-01 05:50:00+00:00
[2025-12-01T06:06:32.622+0000] {logging_mixin.py:190} WARNING - /home/***/.local/lib/python3.12/site-packages/***/task/task_runner/standard_task_runner.py:70 DeprecationWarning: This process (pid=9755) is multi-threaded, use of fork() may lead to deadlocks in the child.
[2025-12-01T06:06:32.625+0000] {standard_task_runner.py:72} INFO - Started process 9756 to run task
[2025-12-01T06:06:32.622+0000] {standard_task_runner.py:104} INFO - Running: ['***', 'tasks', 'run', 'ETL_DWH_Daily', 'run_insert_silver', 'scheduled__2025-12-01T05:50:00+00:00', '--job-id', '925', '--raw', '--subdir', 'DAGS_FOLDER/etl_insert_DWH_Daily_dag.py', '--cfg-path', '/tmp/tmpej0nxbr5']
[2025-12-01T06:06:32.626+0000] {standard_task_runner.py:105} INFO - Job 925: Subtask run_insert_silver
[2025-12-01T06:06:32.692+0000] {task_command.py:467} INFO - Running <TaskInstance: ETL_DWH_Daily.run_insert_silver scheduled__2025-12-01T05:50:00+00:00 [running]> on host bdb661d75ef8
[2025-12-01T06:06:32.799+0000] {taskinstance.py:3131} INFO - Exporting env vars: AIRFLOW_CTX_DAG_OWNER='yohan' AIRFLOW_CTX_DAG_ID='ETL_DWH_Daily' AIRFLOW_CTX_TASK_ID='run_insert_silver' AIRFLOW_CTX_EXECUTION_DATE='2025-12-01T05:50:00+00:00' AIRFLOW_CTX_TRY_NUMBER='2' AIRFLOW_CTX_DAG_RUN_ID='scheduled__2025-12-01T05:50:00+00:00'
[2025-12-01T06:06:32.802+0000] {taskinstance.py:731} INFO - ::endgroup::
[2025-12-01T06:06:32.820+0000] {subprocess.py:63} INFO - Tmp dir root location: /tmp
[2025-12-01T06:06:32.822+0000] {subprocess.py:75} INFO - Running command: ['/usr/bin/bash', '-c', 'python /opt/***/scripts/CORE_Insert_DWH.py']
[2025-12-01T06:06:32.839+0000] {subprocess.py:86} INFO - Output:
[2025-12-01T06:06:34.511+0000] {subprocess.py:93} INFO - Start INCREMENTAL ETL - 2025-12-01 06:06:34.156544
[2025-12-01T06:06:34.512+0000] {subprocess.py:93} INFO - 
[2025-12-01T06:06:34.512+0000] {subprocess.py:93} INFO - ========== START INCREMENTAL LOADING ==========
[2025-12-01T06:06:34.513+0000] {subprocess.py:93} INFO - 
[2025-12-01T06:06:34.514+0000] {subprocess.py:93} INFO - 
[2025-12-01T06:06:34.514+0000] {subprocess.py:93} INFO - [1] Loading DimCustomer (Incremental)...
[2025-12-01T06:06:34.515+0000] {subprocess.py:93} INFO - ✓ No new customers.
[2025-12-01T06:06:34.515+0000] {subprocess.py:93} INFO - 
[2025-12-01T06:06:34.516+0000] {subprocess.py:93} INFO - [2] Loading DimBranch (Incremental)...
[2025-12-01T06:06:34.516+0000] {subprocess.py:93} INFO - ✓ No new branches.
[2025-12-01T06:06:34.517+0000] {subprocess.py:93} INFO - 
[2025-12-01T06:06:34.517+0000] {subprocess.py:93} INFO - [3] Loading DimAccount (Incremental)...
[2025-12-01T06:06:34.518+0000] {subprocess.py:93} INFO - ✓ No new accounts.
[2025-12-01T06:06:34.519+0000] {subprocess.py:93} INFO - 
[2025-12-01T06:06:34.519+0000] {subprocess.py:93} INFO - [4] Loading FactTransaction (Incremental)...
[2025-12-01T06:06:34.520+0000] {subprocess.py:93} INFO - ✓ No new fact rows.
[2025-12-01T06:06:34.520+0000] {subprocess.py:93} INFO - 
[2025-12-01T06:06:34.521+0000] {subprocess.py:93} INFO - [1.1] Updating DimCustomer...
[2025-12-01T06:06:34.521+0000] {subprocess.py:93} INFO -     Last update check: 2025-12-01 11:05:20
[2025-12-01T06:06:34.522+0000] {subprocess.py:93} INFO - ✓ Updated 4 DimCustomer rows
[2025-12-01T06:06:34.522+0000] {subprocess.py:93} INFO - 
[2025-12-01T06:06:34.523+0000] {subprocess.py:93} INFO - [2.1] Updating DimBranch...
[2025-12-01T06:06:34.523+0000] {subprocess.py:93} INFO -     Last update check: 2025-12-01 11:05:20
[2025-12-01T06:06:34.524+0000] {subprocess.py:93} INFO - ✓ No branch updates needed
[2025-12-01T06:06:34.524+0000] {subprocess.py:93} INFO - 
[2025-12-01T06:06:34.525+0000] {subprocess.py:93} INFO - [3.1] Updating DimAccount...
[2025-12-01T06:06:34.525+0000] {subprocess.py:93} INFO -     Last update check: 2025-12-01 11:05:20
[2025-12-01T06:06:34.526+0000] {subprocess.py:93} INFO - ✓ No account updates needed
[2025-12-01T06:06:34.526+0000] {subprocess.py:93} INFO - 
[2025-12-01T06:06:34.527+0000] {subprocess.py:93} INFO - [4.1] Updating FactTransaction...
[2025-12-01T06:06:34.527+0000] {subprocess.py:93} INFO -     Last update check: 2025-12-01 11:05:20
[2025-12-01T06:06:34.528+0000] {subprocess.py:93} INFO - ✓ Updated 10 FactTransaction rows
[2025-12-01T06:06:34.529+0000] {subprocess.py:93} INFO - 
[2025-12-01T06:06:34.529+0000] {subprocess.py:93} INFO - ========== ETL SUMMARY ==========
[2025-12-01T06:06:34.529+0000] {subprocess.py:93} INFO - Total Records Inserted: 0
[2025-12-01T06:06:34.530+0000] {subprocess.py:93} INFO - Total Records Updated: 14
[2025-12-01T06:06:34.530+0000] {subprocess.py:93} INFO - Finish - 2025-12-01 06:06:34.511053
[2025-12-01T06:06:34.654+0000] {subprocess.py:97} INFO - Command exited with return code 0
[2025-12-01T06:06:34.687+0000] {taskinstance.py:340} INFO - ::group::Post task execution logs
[2025-12-01T06:06:34.688+0000] {taskinstance.py:352} INFO - Marking task as SUCCESS. dag_id=ETL_DWH_Daily, task_id=run_insert_silver, run_id=scheduled__2025-12-01T05:50:00+00:00, execution_date=20251201T055000, start_date=20251201T060632, end_date=20251201T060634
[2025-12-01T06:06:34.746+0000] {local_task_job_runner.py:266} INFO - Task exited with return code 0
[2025-12-01T06:06:34.771+0000] {taskinstance.py:3900} INFO - 1 downstream tasks scheduled from follow-on schedule check
[2025-12-01T06:06:34.774+0000] {local_task_job_runner.py:245} INFO - ::endgroup::
