[2025-12-01T03:49:24.311+0000] {local_task_job_runner.py:123} INFO - ::group::Pre task execution logs
[2025-12-01T03:49:24.331+0000] {taskinstance.py:2612} INFO - Dependencies all met for dep_context=non-requeueable deps ti=<TaskInstance: ETL_DWH_Daily.install_dependencies_pymsqql manual__2025-12-01T03:49:17.964534+00:00 [queued]>
[2025-12-01T03:49:24.340+0000] {taskinstance.py:2612} INFO - Dependencies all met for dep_context=requeueable deps ti=<TaskInstance: ETL_DWH_Daily.install_dependencies_pymsqql manual__2025-12-01T03:49:17.964534+00:00 [queued]>
[2025-12-01T03:49:24.341+0000] {taskinstance.py:2865} INFO - Starting attempt 1 of 2
[2025-12-01T03:49:24.356+0000] {taskinstance.py:2888} INFO - Executing <Task(BashOperator): install_dependencies_pymsqql> on 2025-12-01 03:49:17.964534+00:00
[2025-12-01T03:49:24.368+0000] {logging_mixin.py:190} WARNING - /home/***/.local/lib/python3.12/site-packages/***/task/task_runner/standard_task_runner.py:70 DeprecationWarning: This process (pid=2469) is multi-threaded, use of fork() may lead to deadlocks in the child.
[2025-12-01T03:49:24.370+0000] {standard_task_runner.py:72} INFO - Started process 2470 to run task
[2025-12-01T03:49:24.368+0000] {standard_task_runner.py:104} INFO - Running: ['***', 'tasks', 'run', 'ETL_DWH_Daily', 'install_dependencies_pymsqql', 'manual__2025-12-01T03:49:17.964534+00:00', '--job-id', '720', '--raw', '--subdir', 'DAGS_FOLDER/etl_insert_DWH_Daily_dag.py', '--cfg-path', '/tmp/tmphf6iqpeh']
[2025-12-01T03:49:24.371+0000] {standard_task_runner.py:105} INFO - Job 720: Subtask install_dependencies_pymsqql
[2025-12-01T03:49:24.448+0000] {task_command.py:467} INFO - Running <TaskInstance: ETL_DWH_Daily.install_dependencies_pymsqql manual__2025-12-01T03:49:17.964534+00:00 [running]> on host bdb661d75ef8
[2025-12-01T03:49:24.582+0000] {taskinstance.py:3131} INFO - Exporting env vars: AIRFLOW_CTX_DAG_OWNER='yohan' AIRFLOW_CTX_DAG_ID='ETL_DWH_Daily' AIRFLOW_CTX_TASK_ID='install_dependencies_pymsqql' AIRFLOW_CTX_EXECUTION_DATE='2025-12-01T03:49:17.964534+00:00' AIRFLOW_CTX_TRY_NUMBER='1' AIRFLOW_CTX_DAG_RUN_ID='manual__2025-12-01T03:49:17.964534+00:00'
[2025-12-01T03:49:24.584+0000] {taskinstance.py:731} INFO - ::endgroup::
[2025-12-01T03:49:24.602+0000] {subprocess.py:63} INFO - Tmp dir root location: /tmp
[2025-12-01T03:49:24.604+0000] {subprocess.py:75} INFO - Running command: ['/usr/bin/bash', '-c', 'pip install pymssql']
[2025-12-01T03:49:24.620+0000] {subprocess.py:86} INFO - Output:
[2025-12-01T03:49:25.765+0000] {subprocess.py:93} INFO - Requirement already satisfied: pymssql in /home/***/.local/lib/python3.12/site-packages (2.3.9)
[2025-12-01T03:49:26.397+0000] {subprocess.py:93} INFO - 
[2025-12-01T03:49:26.397+0000] {subprocess.py:93} INFO - [notice] A new release of pip is available: 24.2 -> 25.3
[2025-12-01T03:49:26.398+0000] {subprocess.py:93} INFO - [notice] To update, run: pip install --upgrade pip
[2025-12-01T03:49:26.513+0000] {subprocess.py:97} INFO - Command exited with return code 0
[2025-12-01T03:49:26.544+0000] {taskinstance.py:340} INFO - ::group::Post task execution logs
[2025-12-01T03:49:26.545+0000] {taskinstance.py:352} INFO - Marking task as SUCCESS. dag_id=ETL_DWH_Daily, task_id=install_dependencies_pymsqql, run_id=manual__2025-12-01T03:49:17.964534+00:00, execution_date=20251201T034917, start_date=20251201T034924, end_date=20251201T034926
[2025-12-01T03:49:26.598+0000] {local_task_job_runner.py:266} INFO - Task exited with return code 0
[2025-12-01T03:49:26.610+0000] {local_task_job_runner.py:245} INFO - ::endgroup::
