[2025-12-01T06:05:15.759+0000] {local_task_job_runner.py:123} INFO - ::group::Pre task execution logs
[2025-12-01T06:05:15.779+0000] {taskinstance.py:2612} INFO - Dependencies all met for dep_context=non-requeueable deps ti=<TaskInstance: ETL_DWH_Daily.run_insert_gold scheduled__2025-12-01T06:00:00+00:00 [queued]>
[2025-12-01T06:05:15.787+0000] {taskinstance.py:2612} INFO - Dependencies all met for dep_context=requeueable deps ti=<TaskInstance: ETL_DWH_Daily.run_insert_gold scheduled__2025-12-01T06:00:00+00:00 [queued]>
[2025-12-01T06:05:15.788+0000] {taskinstance.py:2865} INFO - Starting attempt 1 of 2
[2025-12-01T06:05:15.801+0000] {taskinstance.py:2888} INFO - Executing <Task(BashOperator): run_insert_gold> on 2025-12-01 06:00:00+00:00
[2025-12-01T06:05:15.812+0000] {logging_mixin.py:190} WARNING - /home/***/.local/lib/python3.12/site-packages/***/task/task_runner/standard_task_runner.py:70 DeprecationWarning: This process (pid=9702) is multi-threaded, use of fork() may lead to deadlocks in the child.
[2025-12-01T06:05:15.813+0000] {standard_task_runner.py:72} INFO - Started process 9703 to run task
[2025-12-01T06:05:15.812+0000] {standard_task_runner.py:104} INFO - Running: ['***', 'tasks', 'run', 'ETL_DWH_Daily', 'run_insert_gold', 'scheduled__2025-12-01T06:00:00+00:00', '--job-id', '924', '--raw', '--subdir', 'DAGS_FOLDER/etl_insert_DWH_Daily_dag.py', '--cfg-path', '/tmp/tmpgbdx6ypl']
[2025-12-01T06:05:15.815+0000] {standard_task_runner.py:105} INFO - Job 924: Subtask run_insert_gold
[2025-12-01T06:05:15.872+0000] {task_command.py:467} INFO - Running <TaskInstance: ETL_DWH_Daily.run_insert_gold scheduled__2025-12-01T06:00:00+00:00 [running]> on host bdb661d75ef8
[2025-12-01T06:05:15.964+0000] {taskinstance.py:3131} INFO - Exporting env vars: AIRFLOW_CTX_DAG_OWNER='yohan' AIRFLOW_CTX_DAG_ID='ETL_DWH_Daily' AIRFLOW_CTX_TASK_ID='run_insert_gold' AIRFLOW_CTX_EXECUTION_DATE='2025-12-01T06:00:00+00:00' AIRFLOW_CTX_TRY_NUMBER='1' AIRFLOW_CTX_DAG_RUN_ID='scheduled__2025-12-01T06:00:00+00:00'
[2025-12-01T06:05:15.965+0000] {taskinstance.py:731} INFO - ::endgroup::
[2025-12-01T06:05:15.979+0000] {subprocess.py:63} INFO - Tmp dir root location: /tmp
[2025-12-01T06:05:15.980+0000] {subprocess.py:75} INFO - Running command: ['/usr/bin/bash', '-c', 'python /opt/***/scripts/MART_Insert_DWH.py']
[2025-12-01T06:05:15.994+0000] {subprocess.py:86} INFO - Output:
[2025-12-01T06:05:16.212+0000] {subprocess.py:93} INFO - Connected to SQL Server
[2025-12-01T06:05:16.213+0000] {subprocess.py:93} INFO - CustomerMart and DailySummaryMart truncated.
[2025-12-01T06:05:16.214+0000] {subprocess.py:93} INFO - CustomerMart loaded.
[2025-12-01T06:05:16.214+0000] {subprocess.py:93} INFO - DailySummaryMart loaded.
[2025-12-01T06:05:16.214+0000] {subprocess.py:93} INFO - ETL for new mart structure COMPLETED.
[2025-12-01T06:05:16.220+0000] {subprocess.py:97} INFO - Command exited with return code 0
[2025-12-01T06:05:16.246+0000] {taskinstance.py:340} INFO - ::group::Post task execution logs
[2025-12-01T06:05:16.247+0000] {taskinstance.py:352} INFO - Marking task as SUCCESS. dag_id=ETL_DWH_Daily, task_id=run_insert_gold, run_id=scheduled__2025-12-01T06:00:00+00:00, execution_date=20251201T060000, start_date=20251201T060515, end_date=20251201T060516
[2025-12-01T06:05:16.269+0000] {local_task_job_runner.py:266} INFO - Task exited with return code 0
[2025-12-01T06:05:16.286+0000] {taskinstance.py:3900} INFO - 0 downstream tasks scheduled from follow-on schedule check
[2025-12-01T06:05:16.288+0000] {local_task_job_runner.py:245} INFO - ::endgroup::
